2024-12-12 10:40:59 - Request received: GET
2024-12-12 10:40:59 - Processing GET request
2024-12-12 10:40:59 - Found 0 devices
2024-12-12 10:41:03 - Request received: GET
2024-12-12 10:41:03 - Processing GET request
2024-12-12 10:41:03 - Found 0 devices
2024-12-12 10:41:03 - Request received: GET
2024-12-12 10:41:03 - Processing GET request
2024-12-12 10:41:03 - Found 0 devices
2024-12-12 10:42:12 - Request received: GET
2024-12-12 10:42:12 - Processing GET request
2024-12-12 10:42:12 - Found 0 devices
2024-12-12 10:42:13 - Request received: GET
2024-12-12 10:42:13 - Processing GET request
2024-12-12 10:42:13 - Found 0 devices
2024-12-12 10:42:15 - Request received: GET
2024-12-12 10:42:15 - Processing GET request
2024-12-12 10:42:15 - Found 0 devices
2024-12-12 10:42:18 - Request received: GET
2024-12-12 10:42:18 - Processing GET request
2024-12-12 10:42:18 - Found 0 devices
2024-12-12 10:42:18 - Request received: GET
2024-12-12 10:42:18 - Processing GET request
2024-12-12 10:42:18 - Found 0 devices
2024-12-12 10:43:13 - Request received: GET
2024-12-12 10:43:13 - Processing GET request
2024-12-12 10:43:13 - Found 0 devices
2024-12-12 10:43:15 - Request received: GET
2024-12-12 10:43:15 - Processing GET request
2024-12-12 10:43:15 - Found 0 devices
2024-12-12 10:43:19 - Request received: GET
2024-12-12 10:43:19 - Processing GET request
2024-12-12 10:43:19 - Found 0 devices
2024-12-12 10:43:19 - Request received: GET
2024-12-12 10:43:19 - Processing GET request
2024-12-12 10:43:19 - Found 0 devices
2024-12-12 10:43:37 - Request received: GET
2024-12-12 10:43:37 - Processing GET request
2024-12-12 10:43:37 - Found 0 devices
2024-12-12 10:43:37 - Request received: GET
2024-12-12 10:43:37 - Processing GET request
2024-12-12 10:43:37 - Found 0 devices
2024-12-12 10:43:58 - Request received: GET
2024-12-12 10:43:58 - Processing GET request
2024-12-12 10:43:58 - Found 0 devices
2024-12-12 10:43:58 - Request received: GET
2024-12-12 10:43:58 - Processing GET request
2024-12-12 10:43:58 - Found 0 devices
2024-12-12 10:46:22 - Request received: GET
2024-12-12 10:46:22 - Processing GET request
2024-12-12 10:46:22 - Found 0 devices
2024-12-12 10:46:23 - Request received: GET
2024-12-12 10:46:23 - Processing GET request
2024-12-12 10:46:23 - Found 0 devices
2024-12-12 10:46:27 - Request received: GET
2024-12-12 10:46:27 - Processing GET request
2024-12-12 10:46:27 - Found 0 devices
2024-12-12 10:46:28 - Request received: GET
2024-12-12 10:46:28 - Processing GET request
2024-12-12 10:46:28 - Found 0 devices
2024-12-12 10:46:42 - Request received: GET
2024-12-12 10:46:42 - Processing GET request
2024-12-12 10:46:42 - Found 0 devices
2024-12-12 10:46:42 - Request received: GET
2024-12-12 10:46:42 - Processing GET request
2024-12-12 10:46:42 - Found 0 devices
2024-12-12 10:48:57 - Request received: GET
2024-12-12 10:48:57 - Processing GET request
2024-12-12 10:49:02 - Request received: GET
2024-12-12 10:49:02 - Processing GET request
2024-12-12 10:49:55 - Request received: GET
2024-12-12 10:49:55 - Processing GET request
2024-12-12 10:49:55 - Request received: GET
2024-12-12 10:49:55 - Processing GET request
2024-12-12 10:50:28 - Request received: GET
2024-12-12 10:50:28 - Processing GET request
2024-12-12 10:50:35 - Request received: POST
2024-12-12 10:50:35 - POST data received: {"name":"sasa"}
2024-12-12 10:50:35 - Device created successfully with ID: 1
2024-12-12 10:50:35 - Request received: GET
2024-12-12 10:50:35 - Processing GET request
2024-12-12 10:50:49 - Request received: POST
2024-12-12 10:50:49 - POST data received: {"name":"ssss"}
2024-12-12 10:50:49 - Device created successfully with ID: 2
2024-12-12 10:50:49 - Request received: GET
2024-12-12 10:50:49 - Processing GET request
2024-12-12 10:52:51 - Request received: POST
2024-12-12 10:52:51 - POST data received: {"name":"tre"}
2024-12-12 10:52:51 - Device created successfully with ID: 3
2024-12-12 10:52:51 - Request received: GET
2024-12-12 10:52:51 - Processing GET request
2024-12-12 10:52:54 - Request received: GET
2024-12-12 10:52:54 - Processing GET request
2024-12-12 10:52:55 - Request received: GET
2024-12-12 10:52:55 - Processing GET request
2024-12-12 10:52:56 - Request received: GET
2024-12-12 10:52:56 - Processing GET request
2024-12-12 10:59:28 - Request received: GET
2024-12-12 10:59:28 - Processing GET request
2024-12-12 10:59:34 - Request received: GET
2024-12-12 10:59:34 - Processing GET request
2024-12-12 10:59:34 - Request received: GET
2024-12-12 10:59:34 - Processing GET request
2024-12-12 10:59:45 - Request received: GET
2024-12-12 10:59:45 - Processing GET request
2024-12-12 11:00:19 - Request received: GET
2024-12-12 11:00:19 - Processing GET request
2024-12-12 11:00:19 - Request received: GET
2024-12-12 11:00:19 - Processing GET request
2024-12-12 11:00:26 - Request received: GET
2024-12-12 11:00:26 - Processing GET request
2024-12-12 11:00:26 - Request received: GET
2024-12-12 11:00:26 - Processing GET request
2024-12-12 11:00:29 - Request received: GET
2024-12-12 11:00:29 - Processing GET request
2024-12-12 11:00:29 - Request received: GET
2024-12-12 11:00:29 - Processing GET request

2024-12-12 11:01:43 - New Request -----------
2024-12-12 11:01:43 - Request Method: GET
2024-12-12 11:01:43 - GET request successful

2024-12-12 11:01:47 - New Request -----------
2024-12-12 11:01:47 - Request Method: GET
2024-12-12 11:01:47 - GET request successful

2024-12-12 11:01:47 - New Request -----------
2024-12-12 11:01:47 - Request Method: GET
2024-12-12 11:01:47 - GET request successful

2024-12-12 11:02:43 - New Request -----------
2024-12-12 11:02:43 - Request Method: GET
2024-12-12 11:02:43 - GET request successful

2024-12-12 11:02:50 - New Request -----------
2024-12-12 11:02:50 - Request Method: POST
2024-12-12 11:02:50 - POST data received: {"name":"sdsds222"}
2024-12-12 11:02:50 - Device created with ID: 4

2024-12-12 11:02:50 - New Request -----------
2024-12-12 11:02:50 - Request Method: GET
2024-12-12 11:02:50 - GET request successful

2024-12-12 11:02:54 - New Request -----------
2024-12-12 11:02:54 - Request Method: GET
2024-12-12 11:02:54 - GET request successful

2024-12-12 11:02:57 - New Request -----------
2024-12-12 11:02:57 - Request Method: GET
2024-12-12 11:02:57 - GET request successful

2024-12-12 11:03:03 - New Request -----------
2024-12-12 11:03:03 - Request Method: POST
2024-12-12 11:03:03 - POST data received: {"name":"12345"}
2024-12-12 11:03:03 - Device created with ID: 5

2024-12-12 11:03:03 - New Request -----------
2024-12-12 11:03:03 - Request Method: GET
2024-12-12 11:03:03 - GET request successful

2024-12-12 11:04:16 - New Request -----------
2024-12-12 11:04:16 - Request Method: GET
2024-12-12 11:04:16 - GET request successful

2024-12-12 11:09:20 - New Request -----------
2024-12-12 11:09:20 - Request Method: GET
2024-12-12 11:09:20 - GET request successful

2024-12-12 11:09:21 - New Request -----------
2024-12-12 11:09:21 - Request Method: GET
2024-12-12 11:09:21 - GET request successful

2024-12-12 11:09:22 - New Request -----------
2024-12-12 11:09:22 - Request Method: GET
2024-12-12 11:09:22 - GET request successful

2024-12-12 11:09:23 - New Request -----------
2024-12-12 11:09:23 - Request Method: GET
2024-12-12 11:09:23 - GET request successful

2024-12-12 11:09:28 - New Request -----------
2024-12-12 11:09:28 - Request Method: GET
2024-12-12 11:09:28 - GET request successful

2024-12-12 17:10:36 - New Request -----------
2024-12-12 17:10:36 - Request Method: GET
2024-12-12 17:10:36 - GET request successful

2024-12-12 17:13:14 - New Request -----------
2024-12-12 17:13:14 - Request Method: GET
2024-12-12 17:13:15 - GET request successful

2024-12-12 17:13:24 - New Request -----------
2024-12-12 17:13:24 - Request Method: PUT

2024-12-12 17:13:24 - New Request -----------
2024-12-12 17:13:24 - Request Method: GET
2024-12-12 17:13:25 - GET request successful

2024-12-12 17:13:36 - New Request -----------
2024-12-12 17:13:36 - Request Method: PUT

2024-12-12 17:13:37 - New Request -----------
2024-12-12 17:13:37 - Request Method: GET
2024-12-12 17:13:38 - GET request successful

2024-12-12 17:34:20 - New Request -----------
2024-12-12 17:34:20 - Request Method: GET
2024-12-12 17:34:20 - GET request successful

2024-12-12 17:34:33 - New Request -----------
2024-12-12 17:34:33 - Request Method: PUT

2024-12-12 17:34:38 - New Request -----------
2024-12-12 17:34:38 - Request Method: GET
2024-12-12 17:34:38 - GET request successful

2024-12-12 17:34:43 - New Request -----------
2024-12-12 17:34:43 - Request Method: PUT

2024-12-12 17:34:43 - New Request -----------
2024-12-12 17:34:43 - Request Method: GET
2024-12-12 17:34:43 - GET request successful

2024-12-12 17:36:31 - New Request -----------
2024-12-12 17:36:31 - Request Method: GET
2024-12-12 17:36:31 - GET request successful

2024-12-12 17:36:32 - New Request -----------
2024-12-12 17:36:32 - Request Method: GET
2024-12-12 17:36:32 - GET request successful

2024-12-12 17:36:32 - New Request -----------
2024-12-12 17:36:32 - Request Method: GET
2024-12-12 17:36:32 - GET request successful

2024-12-12 17:36:39 - New Request -----------
2024-12-12 17:36:39 - Request Method: PUT
2024-12-12 17:36:39 - PUT data received: 
2024-12-12 17:36:39 - Device updated successfully

2024-12-12 17:36:39 - New Request -----------
2024-12-12 17:36:39 - Request Method: GET
2024-12-12 17:36:39 - GET request successful

2024-12-12 17:36:57 - New Request -----------
2024-12-12 17:36:57 - Request Method: PUT
2024-12-12 17:36:57 - PUT data received: 
2024-12-12 17:36:57 - Device updated successfully

2024-12-12 17:36:57 - New Request -----------
2024-12-12 17:36:57 - Request Method: GET
2024-12-12 17:36:57 - GET request successful

2024-12-12 17:38:23 - New Request -----------
2024-12-12 17:38:23 - Request Method: PUT
2024-12-12 17:38:23 - PUT data received: 
2024-12-12 17:38:23 - Device updated successfully

2024-12-12 17:38:23 - New Request -----------
2024-12-12 17:38:23 - Request Method: GET
2024-12-12 17:38:23 - GET request successful

2024-12-12 17:38:43 - New Request -----------
2024-12-12 17:38:43 - Request Method: GET
2024-12-12 17:38:43 - GET request successful

2024-12-12 17:38:49 - New Request -----------
2024-12-12 17:38:49 - Request Method: PUT
2024-12-12 17:38:49 - PUT data received: 
2024-12-12 17:38:49 - Device updated successfully

2024-12-12 17:38:49 - New Request -----------
2024-12-12 17:38:49 - Request Method: GET
2024-12-12 17:38:49 - GET request successful

2024-12-12 17:40:13 - New Request -----------
2024-12-12 17:40:13 - Request Method: GET
2024-12-12 17:40:13 - GET request successful

2024-12-12 17:40:19 - New Request -----------
2024-12-12 17:40:19 - Request Method: PUT
2024-12-12 17:40:19 - PUT data received: 
2024-12-12 17:40:19 - Device updated successfully

2024-12-12 17:40:19 - New Request -----------
2024-12-12 17:40:19 - Request Method: GET
2024-12-12 17:40:19 - GET request successful

2024-12-12 17:40:24 - New Request -----------
2024-12-12 17:40:24 - Request Method: PUT
2024-12-12 17:40:24 - PUT data received: 
2024-12-12 17:40:24 - Device updated successfully

2024-12-12 17:40:24 - New Request -----------
2024-12-12 17:40:24 - Request Method: GET
2024-12-12 17:40:24 - GET request successful

2024-12-12 17:40:56 - New Request -----------
2024-12-12 17:40:56 - Request Method: GET
2024-12-12 17:40:56 - GET request successful

2024-12-12 17:41:01 - New Request -----------
2024-12-12 17:41:01 - Request Method: GET
2024-12-12 17:41:01 - GET request successful

2024-12-12 17:41:01 - New Request -----------
2024-12-12 17:41:01 - Request Method: GET
2024-12-12 17:41:01 - GET request successful

2024-12-12 17:41:08 - New Request -----------
2024-12-12 17:41:08 - Request Method: PUT
2024-12-12 17:41:08 - PUT data received: 
2024-12-12 17:41:08 - Device updated successfully

2024-12-12 17:41:08 - New Request -----------
2024-12-12 17:41:08 - Request Method: GET
2024-12-12 17:41:08 - GET request successful

2024-12-12 17:41:12 - New Request -----------
2024-12-12 17:41:12 - Request Method: GET
2024-12-12 17:41:12 - GET request successful

2024-12-12 17:41:12 - New Request -----------
2024-12-12 17:41:12 - Request Method: GET
2024-12-12 17:41:12 - GET request successful
2024-12-12 17:42:37 - GET request received
2024-12-12 17:42:43 - PUT request received
2024-12-12 17:42:43 - PUT data: null
2024-12-12 17:42:43 - GET request received
2024-12-12 17:42:48 - GET request received
2024-12-12 17:42:48 - GET request received
2024-12-12 17:42:51 - GET request received
2024-12-12 17:44:34 - GET request received
2024-12-12 17:44:35 - GET request received
2024-12-12 17:44:42 - PUT request received
2024-12-12 17:44:42 - PUT data: {"id":"5","name":"sss12345","status":"pending"}
2024-12-12 17:44:42 - GET request received
2024-12-12 17:44:50 - POST request received
2024-12-12 17:44:50 - POST data: {"name":"kuku"}
2024-12-12 17:44:50 - GET request received
2024-12-12 17:45:04 - PUT request received
2024-12-12 17:45:04 - PUT data: {"id":"6","name":"kuku_0k","status":"pending"}
2024-12-12 17:45:04 - GET request received
2024-12-12 17:45:14 - PUT request received
2024-12-12 17:45:14 - PUT data: {"id":"6","name":"kuku_0k","status":"offline"}
2024-12-12 17:45:14 - GET request received
2024-12-12 17:45:19 - PUT request received
2024-12-12 17:45:19 - PUT data: {"id":"6","name":"kuku_0k","status":"online"}
2024-12-12 17:45:19 - GET request received
2024-12-12 17:45:23 - PUT request received
2024-12-12 17:45:23 - PUT data: {"id":"6","name":"kuku_0k","status":"pending"}
2024-12-12 17:45:23 - GET request received
2024-12-12 17:45:28 - PUT request received
2024-12-12 17:45:28 - PUT data: {"id":"6","name":"kuku_0k1111","status":"pending"}
2024-12-12 17:45:28 - GET request received
2024-12-12 17:45:39 - GET request received
2024-12-12 21:51:33 - GET request received
2024-12-12 21:51:38 - PUT request received
2024-12-12 21:51:38 - PUT data: {"id":"6","name":"kuku_pai","status":"pending"}
2024-12-12 21:51:38 - GET request received
2024-12-12 21:51:47 - PUT request received
2024-12-12 21:51:47 - PUT data: {"id":"6","name":"kuku_pai","status":"offline"}
2024-12-12 21:51:47 - GET request received
2024-12-12 22:03:18 - GET request received
2024-12-12 22:03:19 - GET request received
2024-12-12 22:03:22 - DELETE request received
2024-12-12 22:03:22 - DELETE data: {"id":6}
2024-12-12 22:03:22 - GET request received
2024-12-12 22:03:28 - PUT request received
2024-12-12 22:03:28 - PUT data: {"id":"1","name":"sasa555","status":"pending"}
2024-12-12 22:03:28 - GET request received
2024-12-12 22:03:33 - PUT request received
2024-12-12 22:03:33 - PUT data: {"id":"1","name":"sasa555","status":"offline"}
2024-12-12 22:03:33 - GET request received
2024-12-12 22:03:37 - PUT request received
2024-12-12 22:03:37 - PUT data: {"id":"4","name":"sdsds222","status":"online"}
2024-12-12 22:03:37 - GET request received
2024-12-12 22:03:40 - DELETE request received
2024-12-12 22:03:40 - DELETE data: {"id":5}
2024-12-12 22:03:40 - GET request received
2024-12-12 22:03:43 - DELETE request received
2024-12-12 22:03:43 - DELETE data: {"id":3}
2024-12-12 22:03:43 - GET request received
2024-12-12 22:03:46 - DELETE request received
2024-12-12 22:03:46 - DELETE data: {"id":2}
2024-12-12 22:03:46 - GET request received
2024-12-12 22:10:32 - GET request received
2024-12-12 22:10:33 - GET request received
2024-12-12 22:10:54 - PUT request received
2024-12-12 22:10:54 - PUT data: {"id":"1","name":"kuku","status":"offline","ip_address":"22.46.24.122"}
2024-12-12 22:10:54 - GET request received
2024-12-12 22:11:06 - POST request received
2024-12-12 22:11:06 - POST data: {"name":"kuku","ip_address":""}
2024-12-12 22:11:06 - GET request received
2024-12-12 22:11:15 - PUT request received
2024-12-12 22:11:15 - PUT data: {"id":"7","name":"kuku","status":"pending","ip_address":"121"}
2024-12-12 22:11:15 - GET request received
2024-12-12 22:11:19 - DELETE request received
2024-12-12 22:11:19 - DELETE data: {"id":7}
2024-12-12 22:11:19 - GET request received
2024-12-12 22:25:00 - GET request received
2024-12-12 22:25:01 - GET request received
2024-12-12 22:25:01 - GET request received
2024-12-12 22:26:52 - GET request received
2024-12-12 22:26:54 - GET request received
2024-12-12 22:27:18 - PUT request received
2024-12-12 22:27:18 - PUT data: {"id":"1","name":"kuku","status":"offline","ip_address":"176.46.24.1212"}
2024-12-12 22:27:18 - GET request received
2024-12-12 22:27:20 - GET request received
2024-12-12 22:27:20 - POST request received
2024-12-12 22:27:20 - POST data: {"name":"undefined_copy","ip_address":"","status":"pending"}
2024-12-12 22:27:20 - GET request received
2024-12-12 22:27:59 - GET request received
2024-12-12 22:28:00 - GET request received
2024-12-12 22:28:06 - GET request received
2024-12-12 22:28:08 - GET request received
2024-12-12 22:28:08 - POST request received
2024-12-12 22:28:08 - POST data: {"name":"undefined_copy_copy","ip_address":"","status":"pending"}
2024-12-12 22:28:08 - GET request received
2024-12-12 22:28:11 - DELETE request received
2024-12-12 22:28:11 - DELETE data: {"id":9}
2024-12-12 22:28:11 - GET request received
2024-12-12 22:28:23 - PUT request received
2024-12-12 22:28:23 - PUT data: {"id":"8","name":"undefined_copy","status":"pending","ip_address":"111.111.222.222"}
2024-12-12 22:28:23 - GET request received
2024-12-12 22:28:42 - GET request received
2024-12-12 22:28:43 - GET request received
2024-12-12 22:29:04 - POST request received
2024-12-12 22:29:04 - POST data: {"name":"wwwww","ip_address":"111.111.111.111"}
2024-12-12 22:29:04 - GET request received
2024-12-12 22:32:19 - GET request received
2024-12-12 22:33:25 - GET request received
2024-12-13 08:53:05 - GET request received
2024-12-13 10:54:14 - GET request received
2024-12-13 11:03:49 - GET request received
2024-12-13 11:46:49 - GET request received
2024-12-13 11:50:17 - GET request received
2024-12-13 12:13:06 - GET request received
2024-12-13 12:25:32 - GET request received
2024-12-13 12:25:37 - PUT request received
2024-12-13 12:25:37 - PUT data: {"id":"1","name":"kuku11","status":"offline","ip_address":"176.46.24.121"}
2024-12-13 12:25:37 - GET request received
2024-12-13 12:33:11 - GET request received
2024-12-13 12:33:13 - GET request received
2024-12-13 12:33:27 - POST request received
2024-12-13 12:33:27 - POST data: {"name":"hull","ip_address":"111.111.111.111"}
2024-12-13 12:33:27 - GET request received
2024-12-13 12:33:31 - GET request received
2024-12-13 12:33:45 - DELETE request received
2024-12-13 12:33:45 - DELETE data: {"id":11}
2024-12-13 12:33:45 - GET request received
2024-12-13 15:08:57 - GET request received
2024-12-13 15:18:40 - GET request received
2024-12-13 15:32:04 - GET request received
2024-12-13 15:34:37 - GET request received
2024-12-13 15:40:12 - GET request received
2024-12-13 18:24:42 - GET request received
2024-12-13 18:24:58 - GET request received
2024-12-13 18:24:59 - GET request received
2024-12-13 18:25:00 - GET request received
2024-12-13 18:25:01 - GET request received
2024-12-13 18:25:02 - GET request received
2024-12-13 18:25:02 - GET request received
2024-12-13 18:25:03 - GET request received
2024-12-13 18:25:03 - GET request received
2024-12-13 18:25:32 - GET request received
2024-12-13 18:25:33 - GET request received
2024-12-13 18:26:27 - GET request received
2024-12-13 18:26:28 - GET request received
2024-12-13 18:26:29 - GET request received
2024-12-13 18:40:25 - GET request received
2024-12-13 18:41:54 - GET request received
2024-12-13 18:41:55 - GET request received
2024-12-13 18:41:58 - GET request received
2024-12-13 18:41:59 - GET request received
2024-12-13 18:42:00 - GET request received
2024-12-13 18:42:24 - GET request received
2024-12-13 18:42:25 - GET request received
2024-12-13 18:42:26 - GET request received
2024-12-13 18:42:28 - GET request received
2024-12-13 18:42:34 - GET request received
2024-12-13 18:42:34 - GET request received
2024-12-13 18:42:35 - GET request received
2024-12-13 18:42:39 - GET request received
2024-12-13 18:42:40 - GET request received
2024-12-13 18:44:03 - GET request received
2024-12-13 18:44:04 - GET request received
2024-12-13 18:44:27 - GET request received
2024-12-13 18:44:28 - GET request received
2024-12-13 18:46:29 - GET request received
2024-12-13 18:46:30 - GET request received
2024-12-13 18:46:31 - GET request received
2024-12-13 18:46:31 - GET request received
2024-12-13 18:47:40 - GET request received
2024-12-13 18:47:41 - GET request received
2024-12-13 18:48:09 - GET request received
2024-12-13 18:48:09 - POST request received
2024-12-13 18:48:09 - POST data: {"name":"kuku11_copy","ip_address":"","status":"pending"}
2024-12-13 18:48:09 - GET request received
2024-12-13 18:48:37 - GET request received
2024-12-13 18:49:00 - GET request received
2024-12-13 19:47:09 - GET request received
2024-12-13 19:47:11 - GET request received
2024-12-13 19:47:12 - GET request received
2024-12-13 19:47:25 - GET request received
2024-12-13 19:49:12 - GET request received
2024-12-13 19:49:13 - GET request received
2024-12-13 19:49:14 - GET request received
2024-12-13 19:49:15 - GET request received
2024-12-13 19:52:46 - GET request received
2024-12-13 19:52:47 - GET request received
2024-12-13 19:52:49 - GET request received
2024-12-13 19:53:16 - GET request received
2024-12-13 19:53:17 - GET request received
2024-12-13 19:53:18 - GET request received
2024-12-13 19:53:19 - GET request received
2024-12-13 19:53:20 - GET request received
2024-12-13 19:55:18 - GET request received
2024-12-13 19:55:19 - GET request received
2024-12-13 19:56:15 - GET request received
2024-12-13 19:57:00 - GET request received
2024-12-13 19:57:04 - GET request received
2024-12-13 19:57:56 - GET request received
2024-12-13 19:59:01 - GET request received
2024-12-13 19:59:02 - GET request received
2024-12-13 19:59:43 - GET request received
2024-12-13 19:59:44 - GET request received
2024-12-13 19:59:54 - GET request received
2024-12-13 20:04:29 - GET request received
2024-12-13 20:04:30 - GET request received
2024-12-13 20:04:50 - GET request received
2024-12-13 20:04:51 - GET request received
2024-12-13 20:04:51 - GET request received
2024-12-13 20:04:52 - GET request received
2024-12-13 20:04:53 - GET request received
2024-12-13 20:15:54 - GET request received
2024-12-13 20:15:56 - GET request received
2024-12-13 20:17:21 - GET request received
2024-12-13 20:17:23 - GET request received
2024-12-13 20:17:24 - GET request received
2024-12-13 20:17:58 - GET request received
2024-12-13 20:19:01 - GET request received
2024-12-13 20:19:03 - GET request received
2024-12-13 20:19:04 - GET request received
2024-12-13 20:19:04 - GET request received
2024-12-13 20:22:28 - GET request received
2024-12-13 20:22:30 - GET request received
2024-12-13 20:22:31 - GET request received
2024-12-13 20:22:31 - GET request received
2024-12-13 20:22:32 - GET request received
2024-12-13 20:22:33 - GET request received
2024-12-13 20:22:33 - GET request received
2024-12-13 20:22:34 - GET request received
2024-12-13 20:22:35 - GET request received
2024-12-13 20:22:36 - GET request received
2024-12-13 20:23:07 - GET request received
2024-12-13 20:23:08 - GET request received
2024-12-13 20:23:09 - GET request received
2024-12-13 20:23:10 - GET request received
2024-12-13 20:23:14 - GET request received
2024-12-13 20:25:05 - GET request received
2024-12-13 20:25:06 - GET request received
2024-12-13 20:25:06 - GET request received
2024-12-13 20:25:07 - GET request received
2024-12-13 20:25:07 - GET request received
2024-12-13 20:25:07 - GET request received
2024-12-13 20:25:08 - GET request received
2024-12-13 20:25:08 - GET request received
2024-12-13 20:25:09 - GET request received
2024-12-13 20:25:09 - GET request received
2024-12-13 20:25:09 - GET request received
2024-12-13 20:25:09 - GET request received
2024-12-13 20:25:10 - GET request received
2024-12-13 20:28:16 - GET request received
2024-12-13 20:28:17 - GET request received
2024-12-13 20:28:19 - GET request received
2024-12-13 20:28:54 - GET request received
2024-12-13 22:47:31 - GET request received
2024-12-13 22:47:33 - GET request received
2024-12-13 22:48:44 - GET request received
2024-12-13 22:48:50 - DELETE request received
2024-12-13 22:48:50 - DELETE data: {"id":12}
2024-12-13 22:48:50 - GET request received
2024-12-13 22:48:59 - POST request received
2024-12-13 22:48:59 - POST data: {"name":"hallp","ip_address":"dad"}
2024-12-13 22:49:00 - GET request received
2024-12-14 01:31:54 - GET request received
2024-12-14 01:32:12 - PUT request received
2024-12-14 01:32:12 - PUT data: {"id":"13","name":"hallp3333333","status":"pending","ip_address":"dad"}
2024-12-14 01:32:12 - GET request received
2024-12-14 01:34:43 - GET request received
2024-12-14 13:26:49 - GET request received
2024-12-14 16:38:48 - GET request received
2024-12-14 16:39:07 - DELETE request received
2024-12-14 16:39:07 - DELETE data: {"id":13}
2024-12-14 16:39:08 - GET request received
2024-12-14 16:41:27 - GET request received
2024-12-14 16:42:46 - GET request received
2024-12-14 16:42:49 - GET request received
2024-12-14 16:43:43 - GET request received
2024-12-14 16:43:47 - GET request received
2024-12-14 16:44:11 - GET request received
2024-12-14 16:44:20 - GET request received
2024-12-14 16:45:56 - GET request received
2024-12-14 16:56:03 - GET request received
2024-12-14 18:36:54 - GET request received
2024-12-14 19:24:53 - GET request received
2024-12-14 19:27:18 - GET request received
2024-12-14 19:27:19 - GET request received
2024-12-14 19:27:26 - GET request received
2024-12-14 19:27:28 - GET request received
2024-12-14 19:27:29 - GET request received
2024-12-14 19:28:52 - GET request received
2024-12-14 19:28:53 - GET request received
2024-12-14 19:29:13 - PUT request received
2024-12-14 19:29:13 - PUT data: {"id":"1","name":"kuku1144","status":"offline","ip_address":"176.46.24.121"}
2024-12-14 19:29:13 - GET request received
2024-12-14 19:34:27 - GET request received
2024-12-14 19:43:01 - GET request received
2024-12-14 19:43:18 - DELETE request received
2024-12-14 19:43:18 - DELETE data: {"id":10}
2024-12-14 19:43:18 - GET request received
2024-12-14 20:49:52 - GET request received
2024-12-14 23:57:29 - GET request received
2024-12-14 23:57:31 - GET request received
2024-12-15 00:05:33 - GET request received
2024-12-15 00:05:35 - GET request received
2024-12-15 00:05:38 - GET request received
2024-12-15 00:11:37 - GET request received
2024-12-15 00:11:42 - GET request received
2024-12-15 00:12:26 - GET request received
2024-12-15 00:13:58 - GET request received
2024-12-15 00:14:07 - GET request received
2024-12-15 00:16:11 - GET request received
2024-12-15 00:16:58 - GET request received
2024-12-15 00:18:33 - GET request received
2024-12-15 00:21:01 - GET request received
2024-12-15 00:28:08 - GET request received
2024-12-15 00:42:45 - GET request received
2024-12-15 00:43:18 - GET request received
2024-12-15 00:48:11 - GET request received
2024-12-15 00:48:12 - GET request received
2024-12-15 00:48:13 - GET request received
2024-12-15 00:50:01 - GET request received
2024-12-15 00:52:45 - GET request received
2024-12-15 00:52:53 - GET request received
2024-12-15 00:54:29 - GET request received
2024-12-15 00:54:30 - GET request received
2024-12-15 00:54:31 - GET request received
2024-12-15 01:13:25 - GET request received
2024-12-15 01:42:48 - GET request received
2024-12-15 01:43:14 - GET request received
2024-12-15 10:23:18 - GET request received
2024-12-15 10:23:19 - GET request received
2024-12-15 10:27:16 - GET request received
2024-12-15 10:27:18 - GET request received
2024-12-15 10:27:18 - POST request received
2024-12-15 10:27:18 - POST data: {"name":"kuku1144_copy","ip_address":"","status":"pending"}
2024-12-15 10:27:18 - GET request received
2024-12-15 10:27:22 - PUT request received
2024-12-15 10:27:22 - PUT data: {"id":"4","name":"sdsds222","status":"online","ip_address":"176.46.24.121"}
2024-12-15 10:27:22 - GET request received
2024-12-15 10:27:27 - POST request received
2024-12-15 10:27:27 - POST data: {"name":"WWW","ip_address":"WW"}
2024-12-15 10:27:27 - GET request received
2024-12-15 10:28:19 - GET request received
2024-12-15 10:28:19 - GET request received
2024-12-15 10:28:21 - GET request received
2024-12-15 10:39:09 - GET request received
2024-12-15 12:25:49 - GET request received
2024-12-15 12:26:02 - GET request received
2024-12-15 12:26:52 - GET request received
2024-12-15 12:26:54 - GET request received
2024-12-15 12:26:55 - GET request received
2024-12-15 12:27:07 - GET request received
2024-12-15 12:27:11 - GET request received
2024-12-15 22:13:42 - GET request received
2024-12-15 23:19:11 - GET request received
2024-12-15 23:19:15 - GET request received
2024-12-15 23:19:20 - DELETE request received
2024-12-15 23:19:20 - DELETE data: {"id":1}
2024-12-15 23:19:20 - GET request received
2024-12-15 23:20:00 - GET request received
2024-12-15 23:20:12 - DELETE request received
2024-12-15 23:20:12 - DELETE data: {"id":15}
2024-12-15 23:20:12 - GET request received
2024-12-15 23:20:50 - GET request received
2024-12-15 23:20:52 - GET request received
2024-12-15 23:20:54 - GET request received
2024-12-16 01:01:07 - GET request received
2024-12-16 01:01:25 - GET request received
2024-12-16 09:43:26 - GET request received
2024-12-16 09:44:27 - GET request received
2024-12-16 10:28:07 - GET request received
2024-12-16 10:28:11 - GET request received
2024-12-16 10:28:14 - GET request received
2024-12-16 10:28:15 - GET request received
2024-12-16 10:29:44 - GET request received
2024-12-16 10:29:46 - GET request received
2024-12-16 10:29:50 - GET request received
2024-12-16 10:36:45 - GET request received
2024-12-16 10:36:50 - GET request received
2024-12-16 10:37:00 - GET request received
2024-12-16 10:37:14 - GET request received
2024-12-16 10:59:51 - Request method: GET
2024-12-16 10:59:51 - Fetched devices: 3
2024-12-16 10:59:52 - Request method: GET
2024-12-16 10:59:52 - Fetched devices: 3
